0 info it worked if it ends with ok
1 verbose cli [ '/Users/tor/.nvm/versions/node/v6.2.0/bin/node',
1 verbose cli   '/Users/tor/.nvm/versions/node/v6.2.0/bin/npm',
1 verbose cli   'run',
1 verbose cli   'webpack-angular-lazy-loading' ]
2 info using npm@3.8.9
3 info using node@v6.2.0
4 verbose run-script [ 'prewebpack-angular-lazy-loading',
4 verbose run-script   'webpack-angular-lazy-loading',
4 verbose run-script   'postwebpack-angular-lazy-loading' ]
5 info lifecycle @~prewebpack-angular-lazy-loading: @
6 silly lifecycle @~prewebpack-angular-lazy-loading: no script for prewebpack-angular-lazy-loading, continuing
7 info lifecycle @~webpack-angular-lazy-loading: @
8 verbose lifecycle @~webpack-angular-lazy-loading: unsafe-perm in lifecycle true
9 verbose lifecycle @~webpack-angular-lazy-loading: PATH: /Users/tor/.nvm/versions/node/v6.2.0/lib/node_modules/npm/bin/node-gyp-bin:/Users/tor/Development/angular-app-size/node_modules/.bin:/Users/tor/.nvm/versions/node/v6.2.0/bin:/Users/tor/.nvm/versions/node/v6.2.0/bin:/Library/Frameworks/Python.framework/Versions/3.4/bin:/Library/Frameworks/Python.framework/Versions/3.4/bin:/Users/tor/.rvm/gems/ruby-2.0.0-p353/bin:/Users/tor/.rvm/gems/ruby-2.0.0-p353@global/bin:/Users/tor/.rvm/rubies/ruby-2.0.0-p353/bin:/Users/tor/.rvm/bin:/usr/local/bin:/usr/bin:/bin:/usr/sbin:/sbin:/usr/local/git/bin
10 verbose lifecycle @~webpack-angular-lazy-loading: CWD: /Users/tor/Development/angular-app-size
11 silly lifecycle @~webpack-angular-lazy-loading: Args: [ '-c',
11 silly lifecycle   'ngc -p src/bundling-options/webpack-lazy-loading/tsconfig.json && webpack --config src/bundling-options/webpack-lazy-loading/webpack.config.js --progress && lite-server -c bs-config-lazy.js' ]
12 silly lifecycle @~webpack-angular-lazy-loading: Returned: code: 2  signal: null
13 info lifecycle @~webpack-angular-lazy-loading: Failed to exec webpack-angular-lazy-loading script
14 verbose stack Error: @ webpack-angular-lazy-loading: `ngc -p src/bundling-options/webpack-lazy-loading/tsconfig.json && webpack --config src/bundling-options/webpack-lazy-loading/webpack.config.js --progress && lite-server -c bs-config-lazy.js`
14 verbose stack Exit status 2
14 verbose stack     at EventEmitter.<anonymous> (/Users/tor/.nvm/versions/node/v6.2.0/lib/node_modules/npm/lib/utils/lifecycle.js:245:16)
14 verbose stack     at emitTwo (events.js:106:13)
14 verbose stack     at EventEmitter.emit (events.js:191:7)
14 verbose stack     at ChildProcess.<anonymous> (/Users/tor/.nvm/versions/node/v6.2.0/lib/node_modules/npm/lib/utils/spawn.js:24:14)
14 verbose stack     at emitTwo (events.js:106:13)
14 verbose stack     at ChildProcess.emit (events.js:191:7)
14 verbose stack     at maybeClose (internal/child_process.js:850:16)
14 verbose stack     at Process.ChildProcess._handle.onexit (internal/child_process.js:215:5)
15 verbose pkgid @
16 verbose cwd /Users/tor/Development/angular-app-size
17 error Darwin 14.5.0
18 error argv "/Users/tor/.nvm/versions/node/v6.2.0/bin/node" "/Users/tor/.nvm/versions/node/v6.2.0/bin/npm" "run" "webpack-angular-lazy-loading"
19 error node v6.2.0
20 error npm  v3.8.9
21 error code ELIFECYCLE
22 error @ webpack-angular-lazy-loading: `ngc -p src/bundling-options/webpack-lazy-loading/tsconfig.json && webpack --config src/bundling-options/webpack-lazy-loading/webpack.config.js --progress && lite-server -c bs-config-lazy.js`
22 error Exit status 2
23 error Failed at the @ webpack-angular-lazy-loading script 'ngc -p src/bundling-options/webpack-lazy-loading/tsconfig.json && webpack --config src/bundling-options/webpack-lazy-loading/webpack.config.js --progress && lite-server -c bs-config-lazy.js'.
23 error Make sure you have the latest version of node.js and npm installed.
23 error If you do, this is most likely a problem with the  package,
23 error not with npm itself.
23 error Tell the author that this fails on your system:
23 error     ngc -p src/bundling-options/webpack-lazy-loading/tsconfig.json && webpack --config src/bundling-options/webpack-lazy-loading/webpack.config.js --progress && lite-server -c bs-config-lazy.js
23 error You can get information on how to open an issue for this project with:
23 error     npm bugs
23 error Or if that isn't available, you can get their info via:
23 error     npm owner ls
23 error There is likely additional logging output above.
24 verbose exit [ 1, true ]
